<?xml version="1.0" encoding="utf-8"?><testsuites name="pytest tests"><testsuite name="pytest" errors="0" failures="0" skipped="0" tests="11" time="3.561" timestamp="2026-04-29T17:58:04.897450+00:00" hostname="agent-env-5a8b2e7c-a723-4df2-aa56-6ac6c4d233b8"><testcase classname="backend.tests.test_serendipity_backend.TestCatalog" name="test_services" time="0.530" /><testcase classname="backend.tests.test_serendipity_backend.TestCatalog" name="test_stylists" time="0.133" /><testcase classname="backend.tests.test_serendipity_backend.TestCatalog" name="test_gallery" time="0.054" /><testcase classname="backend.tests.test_serendipity_backend.TestCatalog" name="test_testimonials" time="0.060" /><testcase classname="backend.tests.test_serendipity_backend.TestAvailability" name="test_availability_format" time="0.218" /><testcase classname="backend.tests.test_serendipity_backend.TestBookingFlow" name="test_create_booking_and_persist" time="0.964" /><testcase classname="backend.tests.test_serendipity_backend.TestBookingFlow" name="test_conflict_returns_409" time="0.056" /><testcase classname="backend.tests.test_serendipity_backend.TestBookingFlow" name="test_invalid_service" time="0.129" /><testcase classname="backend.tests.test_serendipity_backend.TestBookingFlow" name="test_invalid_stylist" time="0.059" /><testcase classname="backend.tests.test_serendipity_backend.TestBookingFlow" name="test_invalid_time" time="0.059" /><testcase classname="backend.tests.test_serendipity_backend.TestContact" name="test_create_contact" time="0.083" /></testsuite></testsuites>